Resetting modules to system default. Reseting $MODULEPATH back to system default. All extra directories will be removed from $MODULEPATH.

Memory Bandwidth (GB/s)
┌───────────────┬─────────┬───────────┐
│ # Threads = 1 │ :serial │ :parallel │
├───────────────┼─────────┼───────────┤
│      :compact │   31.88 │     32.18 │
│       :spread │    31.9 │     32.14 │
│         :numa │   31.93 │     32.46 │
└───────────────┴─────────┴───────────┘
Compute (GFLOP/s)
┌───────────────┬─────────┬───────────┐
│ # Threads = 1 │ :serial │ :parallel │
├───────────────┼─────────┼───────────┤
│      :compact │    1.99 │      2.01 │
│       :spread │    1.99 │      2.01 │
│         :numa │     2.0 │      2.03 │
└───────────────┴─────────┴───────────┘

Memory Bandwidth (GB/s)
┌───────────────┬─────────┬───────────┐
│ # Threads = 2 │ :serial │ :parallel │
├───────────────┼─────────┼───────────┤
│      :compact │    35.7 │     35.83 │
│       :spread │   32.99 │      63.6 │
│         :numa │   41.47 │     63.09 │
└───────────────┴─────────┴───────────┘
Compute (GFLOP/s)
┌───────────────┬─────────┬───────────┐
│ # Threads = 2 │ :serial │ :parallel │
├───────────────┼─────────┼───────────┤
│      :compact │    2.23 │      2.24 │
│       :spread │    2.06 │      3.97 │
│         :numa │    2.59 │      3.94 │
└───────────────┴─────────┴───────────┘

Memory Bandwidth (GB/s)
┌───────────────┬─────────┬───────────┐
│ # Threads = 4 │ :serial │ :parallel │
├───────────────┼─────────┼───────────┤
│      :compact │   34.46 │     34.45 │
│       :spread │   35.67 │     69.07 │
│         :numa │   40.38 │    125.02 │
└───────────────┴─────────┴───────────┘
Compute (GFLOP/s)
┌───────────────┬─────────┬───────────┐
│ # Threads = 4 │ :serial │ :parallel │
├───────────────┼─────────┼───────────┤
│      :compact │    2.15 │      2.15 │
│       :spread │    2.23 │      4.32 │
│         :numa │    2.52 │      7.81 │
└───────────────┴─────────┴───────────┘

Memory Bandwidth (GB/s)
┌───────────────┬─────────┬───────────┐
│ # Threads = 8 │ :serial │ :parallel │
├───────────────┼─────────┼───────────┤
│      :compact │    34.0 │     33.94 │
│       :spread │   34.89 │      67.4 │
│         :numa │   34.22 │    239.85 │
└───────────────┴─────────┴───────────┘
Compute (GFLOP/s)
┌───────────────┬─────────┬───────────┐
│ # Threads = 8 │ :serial │ :parallel │
├───────────────┼─────────┼───────────┤
│      :compact │    2.13 │      2.12 │
│       :spread │    2.18 │      4.21 │
│         :numa │    2.14 │     14.99 │
└───────────────┴─────────┴───────────┘

Memory Bandwidth (GB/s)
┌────────────────┬─────────┬───────────┐
│ # Threads = 16 │ :serial │ :parallel │
├────────────────┼─────────┼───────────┤
│       :compact │   39.32 │     39.07 │
│        :spread │   34.38 │     63.96 │
│          :numa │   33.84 │    265.07 │
└────────────────┴─────────┴───────────┘
Compute (GFLOP/s)
┌────────────────┬─────────┬───────────┐
│ # Threads = 16 │ :serial │ :parallel │
├────────────────┼─────────┼───────────┤
│       :compact │    2.46 │      2.44 │
│        :spread │    2.15 │       4.0 │
│          :numa │    2.12 │     16.57 │
└────────────────┴─────────┴───────────┘
